  [1m[36m (2.1ms)[0m  [1mCREATE TABLE "microposts" ("id" INTEGER PRIMARY KEY AUTOINCREMENT NOT NULL, "content" varchar(255), "user_id" integer, "created_at" datetime, "updated_at" datetime) [0m
  [1m[35m (2.0ms)[0m  CREATE INDEX "index_microposts_on_user_id_and_created_at" ON "microposts" ("user_id", "created_at")
  [1m[36m (1.9ms)[0m  [1mCREATE TABLE "relationships" ("id" INTEGER PRIMARY KEY AUTOINCREMENT NOT NULL, "follower_id" integer, "followed_id" integer, "created_at" datetime, "updated_at" datetime) [0m
  [1m[35m (1.8ms)[0m  CREATE INDEX "index_relationships_on_followed_id" ON "relationships" ("followed_id")
  [1m[36m (2.2ms)[0m  [1mCREATE UNIQUE INDEX "index_relationships_on_follower_id_and_followed_id" ON "relationships" ("follower_id", "followed_id")[0m
  [1m[35m (1.9ms)[0m  CREATE INDEX "index_relationships_on_follower_id" ON "relationships" ("follower_id")
  [1m[36m (1.9ms)[0m  [1mCREATE TABLE "users" ("id" INTEGER PRIMARY KEY AUTOINCREMENT NOT NULL, "name" varchar(255), "email" varchar(255), "created_at" datetime, "updated_at" datetime, "password_digest" varchar(255), "remember_token" varchar(255), "admin" boolean) [0m
  [1m[35m (1.7ms)[0m  CREATE UNIQUE INDEX "index_users_on_email" ON "users" ("email")
  [1m[36m (1.7ms)[0m  [1mCREATE INDEX "index_users_on_remember_token" ON "users" ("remember_token")[0m
  [1m[35m (1.9ms)[0m  CREATE TABLE "schema_migrations" ("version" varchar(255) NOT NULL) 
  [1m[36m (1.8ms)[0m  [1mCREATE UNIQUE INDEX "unique_schema_migrations" ON "schema_migrations" ("version")[0m
  [1m[35m (0.1ms)[0m  SELECT version FROM "schema_migrations"
  [1m[36m (1.9ms)[0m  [1mINSERT INTO "schema_migrations" (version) VALUES ('20130315230445')[0m
  [1m[35m (4.4ms)[0m  INSERT INTO "schema_migrations" (version) VALUES ('20130311191400')
  [1m[36m (2.0ms)[0m  [1mINSERT INTO "schema_migrations" (version) VALUES ('20130311194153')[0m
  [1m[35m (3.3ms)[0m  INSERT INTO "schema_migrations" (version) VALUES ('20130311201841')
  [1m[36m (1.8ms)[0m  [1mINSERT INTO "schema_migrations" (version) VALUES ('20130314184954')[0m
  [1m[35m (1.8ms)[0m  INSERT INTO "schema_migrations" (version) VALUES ('20130315015932')
  [1m[36m (2.5ms)[0m  [1mINSERT INTO "schema_migrations" (version) VALUES ('20130315175534')[0m
  [1m[35mActiveRecord::SchemaMigration Load (0.2ms)[0m  SELECT "schema_migrations".* FROM "schema_migrations"


Started GET "/" for 127.0.0.1 at 2014-06-07 22:17:25 -0700

ActiveRecord::PendingMigrationError (Migrations are pending; run 'bin/rake db:migrate RAILS_ENV=development' to resolve this issue.):
  activerecord (4.0.5) lib/active_record/migration.rb:383:in `check_pending!'
  activerecord (4.0.5) lib/active_record/migration.rb:370:in `call'
  actionpack (4.0.5) lib/action_dispatch/middleware/callbacks.rb:29:in `block in call'
  activesupport (4.0.5) lib/active_support/callbacks.rb:373:in `_run__2506177265476863176__call__callbacks'
  activesupport (4.0.5) lib/active_support/callbacks.rb:80:in `run_callbacks'
  actionpack (4.0.5) lib/action_dispatch/middleware/callbacks.rb:27:in `call'
  actionpack (4.0.5) lib/action_dispatch/middleware/reloader.rb:64:in `call'
  actionpack (4.0.5) lib/action_dispatch/middleware/remote_ip.rb:76:in `call'
  actionpack (4.0.5) lib/action_dispatch/middleware/debug_exceptions.rb:17:in `call'
  actionpack (4.0.5) lib/action_dispatch/middleware/show_exceptions.rb:30:in `call'
  railties (4.0.5) lib/rails/rack/logger.rb:38:in `call_app'
  railties (4.0.5) lib/rails/rack/logger.rb:20:in `block in call'
  activesupport (4.0.5) lib/active_support/tagged_logging.rb:68:in `block in tagged'
  activesupport (4.0.5) lib/active_support/tagged_logging.rb:26:in `tagged'
  activesupport (4.0.5) lib/active_support/tagged_logging.rb:68:in `tagged'
  railties (4.0.5) lib/rails/rack/logger.rb:20:in `call'
  actionpack (4.0.5) lib/action_dispatch/middleware/request_id.rb:21:in `call'
  rack (1.5.2) lib/rack/methodoverride.rb:21:in `call'
  rack (1.5.2) lib/rack/runtime.rb:17:in `call'
  activesupport (4.0.5) lib/active_support/cache/strategy/local_cache.rb:83:in `call'
  rack (1.5.2) lib/rack/lock.rb:17:in `call'
  actionpack (4.0.5) lib/action_dispatch/middleware/static.rb:64:in `call'
  rack (1.5.2) lib/rack/sendfile.rb:112:in `call'
  railties (4.0.5) lib/rails/engine.rb:511:in `call'
  railties (4.0.5) lib/rails/application.rb:97:in `call'
  rack (1.5.2) lib/rack/lock.rb:17:in `call'
  rack (1.5.2) lib/rack/content_length.rb:14:in `call'
  rack (1.5.2) lib/rack/handler/webrick.rb:60:in `service'
  /Users/smythe1/.rvm/rubies/ruby-2.0.0-p451/lib/ruby/2.0.0/webrick/httpserver.rb:138:in `service'
  /Users/smythe1/.rvm/rubies/ruby-2.0.0-p451/lib/ruby/2.0.0/webrick/httpserver.rb:94:in `run'
  /Users/smythe1/.rvm/rubies/ruby-2.0.0-p451/lib/ruby/2.0.0/webrick/server.rb:295:in `block in start_thread'


  Rendered /Users/smythe1/.rvm/gems/ruby-2.0.0-p451@railstutorial_rails_4_0/gems/actionpack-4.0.5/lib/action_dispatch/middleware/templates/rescues/_source.erb (0.9ms)
  Rendered /Users/smythe1/.rvm/gems/ruby-2.0.0-p451@railstutorial_rails_4_0/gems/actionpack-4.0.5/lib/action_dispatch/middleware/templates/rescues/_trace.erb (1.6ms)
  Rendered /Users/smythe1/.rvm/gems/ruby-2.0.0-p451@railstutorial_rails_4_0/gems/actionpack-4.0.5/lib/action_dispatch/middleware/templates/rescues/_request_and_response.erb (1.3ms)
  Rendered /Users/smythe1/.rvm/gems/ruby-2.0.0-p451@railstutorial_rails_4_0/gems/actionpack-4.0.5/lib/action_dispatch/middleware/templates/rescues/diagnostics.erb within rescues/layout (33.2ms)


Started GET "/" for 127.0.0.1 at 2014-06-07 22:17:25 -0700

ActiveRecord::PendingMigrationError (Migrations are pending; run 'bin/rake db:migrate RAILS_ENV=development' to resolve this issue.):
  activerecord (4.0.5) lib/active_record/migration.rb:383:in `check_pending!'
  activerecord (4.0.5) lib/active_record/migration.rb:370:in `call'
  actionpack (4.0.5) lib/action_dispatch/middleware/callbacks.rb:29:in `block in call'
  activesupport (4.0.5) lib/active_support/callbacks.rb:373:in `_run__2506177265476863176__call__callbacks'
  activesupport (4.0.5) lib/active_support/callbacks.rb:80:in `run_callbacks'
  actionpack (4.0.5) lib/action_dispatch/middleware/callbacks.rb:27:in `call'
  actionpack (4.0.5) lib/action_dispatch/middleware/reloader.rb:64:in `call'
  actionpack (4.0.5) lib/action_dispatch/middleware/remote_ip.rb:76:in `call'
  actionpack (4.0.5) lib/action_dispatch/middleware/debug_exceptions.rb:17:in `call'
  actionpack (4.0.5) lib/action_dispatch/middleware/show_exceptions.rb:30:in `call'
  railties (4.0.5) lib/rails/rack/logger.rb:38:in `call_app'
  railties (4.0.5) lib/rails/rack/logger.rb:20:in `block in call'
  activesupport (4.0.5) lib/active_support/tagged_logging.rb:68:in `block in tagged'
  activesupport (4.0.5) lib/active_support/tagged_logging.rb:26:in `tagged'
  activesupport (4.0.5) lib/active_support/tagged_logging.rb:68:in `tagged'
  railties (4.0.5) lib/rails/rack/logger.rb:20:in `call'
  actionpack (4.0.5) lib/action_dispatch/middleware/request_id.rb:21:in `call'
  rack (1.5.2) lib/rack/methodoverride.rb:21:in `call'
  rack (1.5.2) lib/rack/runtime.rb:17:in `call'
  activesupport (4.0.5) lib/active_support/cache/strategy/local_cache.rb:83:in `call'
  rack (1.5.2) lib/rack/lock.rb:17:in `call'
  actionpack (4.0.5) lib/action_dispatch/middleware/static.rb:64:in `call'
  rack (1.5.2) lib/rack/sendfile.rb:112:in `call'
  railties (4.0.5) lib/rails/engine.rb:511:in `call'
  railties (4.0.5) lib/rails/application.rb:97:in `call'
  rack (1.5.2) lib/rack/lock.rb:17:in `call'
  rack (1.5.2) lib/rack/content_length.rb:14:in `call'
  rack (1.5.2) lib/rack/handler/webrick.rb:60:in `service'
  /Users/smythe1/.rvm/rubies/ruby-2.0.0-p451/lib/ruby/2.0.0/webrick/httpserver.rb:138:in `service'
  /Users/smythe1/.rvm/rubies/ruby-2.0.0-p451/lib/ruby/2.0.0/webrick/httpserver.rb:94:in `run'
  /Users/smythe1/.rvm/rubies/ruby-2.0.0-p451/lib/ruby/2.0.0/webrick/server.rb:295:in `block in start_thread'


  Rendered /Users/smythe1/.rvm/gems/ruby-2.0.0-p451@railstutorial_rails_4_0/gems/actionpack-4.0.5/lib/action_dispatch/middleware/templates/rescues/_source.erb (0.9ms)
  Rendered /Users/smythe1/.rvm/gems/ruby-2.0.0-p451@railstutorial_rails_4_0/gems/actionpack-4.0.5/lib/action_dispatch/middleware/templates/rescues/_trace.erb (1.5ms)
  Rendered /Users/smythe1/.rvm/gems/ruby-2.0.0-p451@railstutorial_rails_4_0/gems/actionpack-4.0.5/lib/action_dispatch/middleware/templates/rescues/_request_and_response.erb (1.4ms)
  Rendered /Users/smythe1/.rvm/gems/ruby-2.0.0-p451@railstutorial_rails_4_0/gems/actionpack-4.0.5/lib/action_dispatch/middleware/templates/rescues/diagnostics.erb within rescues/layout (24.5ms)


Started GET "/" for 127.0.0.1 at 2014-06-07 22:17:28 -0700

ActiveRecord::PendingMigrationError (Migrations are pending; run 'bin/rake db:migrate RAILS_ENV=development' to resolve this issue.):
  activerecord (4.0.5) lib/active_record/migration.rb:383:in `check_pending!'
  activerecord (4.0.5) lib/active_record/migration.rb:370:in `call'
  actionpack (4.0.5) lib/action_dispatch/middleware/callbacks.rb:29:in `block in call'
  activesupport (4.0.5) lib/active_support/callbacks.rb:373:in `_run__2506177265476863176__call__callbacks'
  activesupport (4.0.5) lib/active_support/callbacks.rb:80:in `run_callbacks'
  actionpack (4.0.5) lib/action_dispatch/middleware/callbacks.rb:27:in `call'
  actionpack (4.0.5) lib/action_dispatch/middleware/reloader.rb:64:in `call'
  actionpack (4.0.5) lib/action_dispatch/middleware/remote_ip.rb:76:in `call'
  actionpack (4.0.5) lib/action_dispatch/middleware/debug_exceptions.rb:17:in `call'
  actionpack (4.0.5) lib/action_dispatch/middleware/show_exceptions.rb:30:in `call'
  railties (4.0.5) lib/rails/rack/logger.rb:38:in `call_app'
  railties (4.0.5) lib/rails/rack/logger.rb:20:in `block in call'
  activesupport (4.0.5) lib/active_support/tagged_logging.rb:68:in `block in tagged'
  activesupport (4.0.5) lib/active_support/tagged_logging.rb:26:in `tagged'
  activesupport (4.0.5) lib/active_support/tagged_logging.rb:68:in `tagged'
  railties (4.0.5) lib/rails/rack/logger.rb:20:in `call'
  actionpack (4.0.5) lib/action_dispatch/middleware/request_id.rb:21:in `call'
  rack (1.5.2) lib/rack/methodoverride.rb:21:in `call'
  rack (1.5.2) lib/rack/runtime.rb:17:in `call'
  activesupport (4.0.5) lib/active_support/cache/strategy/local_cache.rb:83:in `call'
  rack (1.5.2) lib/rack/lock.rb:17:in `call'
  actionpack (4.0.5) lib/action_dispatch/middleware/static.rb:64:in `call'
  rack (1.5.2) lib/rack/sendfile.rb:112:in `call'
  railties (4.0.5) lib/rails/engine.rb:511:in `call'
  railties (4.0.5) lib/rails/application.rb:97:in `call'
  rack (1.5.2) lib/rack/lock.rb:17:in `call'
  rack (1.5.2) lib/rack/content_length.rb:14:in `call'
  rack (1.5.2) lib/rack/handler/webrick.rb:60:in `service'
  /Users/smythe1/.rvm/rubies/ruby-2.0.0-p451/lib/ruby/2.0.0/webrick/httpserver.rb:138:in `service'
  /Users/smythe1/.rvm/rubies/ruby-2.0.0-p451/lib/ruby/2.0.0/webrick/httpserver.rb:94:in `run'
  /Users/smythe1/.rvm/rubies/ruby-2.0.0-p451/lib/ruby/2.0.0/webrick/server.rb:295:in `block in start_thread'


  Rendered /Users/smythe1/.rvm/gems/ruby-2.0.0-p451@railstutorial_rails_4_0/gems/actionpack-4.0.5/lib/action_dispatch/middleware/templates/rescues/_source.erb (0.9ms)
  Rendered /Users/smythe1/.rvm/gems/ruby-2.0.0-p451@railstutorial_rails_4_0/gems/actionpack-4.0.5/lib/action_dispatch/middleware/templates/rescues/_trace.erb (1.5ms)
  Rendered /Users/smythe1/.rvm/gems/ruby-2.0.0-p451@railstutorial_rails_4_0/gems/actionpack-4.0.5/lib/action_dispatch/middleware/templates/rescues/_request_and_response.erb (1.4ms)
  Rendered /Users/smythe1/.rvm/gems/ruby-2.0.0-p451@railstutorial_rails_4_0/gems/actionpack-4.0.5/lib/action_dispatch/middleware/templates/rescues/diagnostics.erb within rescues/layout (28.1ms)


Started GET "/suers" for 127.0.0.1 at 2014-06-07 22:17:33 -0700

ActiveRecord::PendingMigrationError (Migrations are pending; run 'bin/rake db:migrate RAILS_ENV=development' to resolve this issue.):
  activerecord (4.0.5) lib/active_record/migration.rb:383:in `check_pending!'
  activerecord (4.0.5) lib/active_record/migration.rb:370:in `call'
  actionpack (4.0.5) lib/action_dispatch/middleware/callbacks.rb:29:in `block in call'
  activesupport (4.0.5) lib/active_support/callbacks.rb:373:in `_run__2506177265476863176__call__callbacks'
  activesupport (4.0.5) lib/active_support/callbacks.rb:80:in `run_callbacks'
  actionpack (4.0.5) lib/action_dispatch/middleware/callbacks.rb:27:in `call'
  actionpack (4.0.5) lib/action_dispatch/middleware/reloader.rb:64:in `call'
  actionpack (4.0.5) lib/action_dispatch/middleware/remote_ip.rb:76:in `call'
  actionpack (4.0.5) lib/action_dispatch/middleware/debug_exceptions.rb:17:in `call'
  actionpack (4.0.5) lib/action_dispatch/middleware/show_exceptions.rb:30:in `call'
  railties (4.0.5) lib/rails/rack/logger.rb:38:in `call_app'
  railties (4.0.5) lib/rails/rack/logger.rb:20:in `block in call'
  activesupport (4.0.5) lib/active_support/tagged_logging.rb:68:in `block in tagged'
  activesupport (4.0.5) lib/active_support/tagged_logging.rb:26:in `tagged'
  activesupport (4.0.5) lib/active_support/tagged_logging.rb:68:in `tagged'
  railties (4.0.5) lib/rails/rack/logger.rb:20:in `call'
  actionpack (4.0.5) lib/action_dispatch/middleware/request_id.rb:21:in `call'
  rack (1.5.2) lib/rack/methodoverride.rb:21:in `call'
  rack (1.5.2) lib/rack/runtime.rb:17:in `call'
  activesupport (4.0.5) lib/active_support/cache/strategy/local_cache.rb:83:in `call'
  rack (1.5.2) lib/rack/lock.rb:17:in `call'
  actionpack (4.0.5) lib/action_dispatch/middleware/static.rb:64:in `call'
  rack (1.5.2) lib/rack/sendfile.rb:112:in `call'
  railties (4.0.5) lib/rails/engine.rb:511:in `call'
  railties (4.0.5) lib/rails/application.rb:97:in `call'
  rack (1.5.2) lib/rack/lock.rb:17:in `call'
  rack (1.5.2) lib/rack/content_length.rb:14:in `call'
  rack (1.5.2) lib/rack/handler/webrick.rb:60:in `service'
  /Users/smythe1/.rvm/rubies/ruby-2.0.0-p451/lib/ruby/2.0.0/webrick/httpserver.rb:138:in `service'
  /Users/smythe1/.rvm/rubies/ruby-2.0.0-p451/lib/ruby/2.0.0/webrick/httpserver.rb:94:in `run'
  /Users/smythe1/.rvm/rubies/ruby-2.0.0-p451/lib/ruby/2.0.0/webrick/server.rb:295:in `block in start_thread'


  Rendered /Users/smythe1/.rvm/gems/ruby-2.0.0-p451@railstutorial_rails_4_0/gems/actionpack-4.0.5/lib/action_dispatch/middleware/templates/rescues/_source.erb (0.9ms)
  Rendered /Users/smythe1/.rvm/gems/ruby-2.0.0-p451@railstutorial_rails_4_0/gems/actionpack-4.0.5/lib/action_dispatch/middleware/templates/rescues/_trace.erb (2.0ms)
  Rendered /Users/smythe1/.rvm/gems/ruby-2.0.0-p451@railstutorial_rails_4_0/gems/actionpack-4.0.5/lib/action_dispatch/middleware/templates/rescues/_request_and_response.erb (1.6ms)
  Rendered /Users/smythe1/.rvm/gems/ruby-2.0.0-p451@railstutorial_rails_4_0/gems/actionpack-4.0.5/lib/action_dispatch/middleware/templates/rescues/diagnostics.erb within rescues/layout (27.7ms)


Started GET "/users" for 127.0.0.1 at 2014-06-07 22:17:38 -0700

ActiveRecord::PendingMigrationError (Migrations are pending; run 'bin/rake db:migrate RAILS_ENV=development' to resolve this issue.):
  activerecord (4.0.5) lib/active_record/migration.rb:383:in `check_pending!'
  activerecord (4.0.5) lib/active_record/migration.rb:370:in `call'
  actionpack (4.0.5) lib/action_dispatch/middleware/callbacks.rb:29:in `block in call'
  activesupport (4.0.5) lib/active_support/callbacks.rb:373:in `_run__2506177265476863176__call__callbacks'
  activesupport (4.0.5) lib/active_support/callbacks.rb:80:in `run_callbacks'
  actionpack (4.0.5) lib/action_dispatch/middleware/callbacks.rb:27:in `call'
  actionpack (4.0.5) lib/action_dispatch/middleware/reloader.rb:64:in `call'
  actionpack (4.0.5) lib/action_dispatch/middleware/remote_ip.rb:76:in `call'
  actionpack (4.0.5) lib/action_dispatch/middleware/debug_exceptions.rb:17:in `call'
  actionpack (4.0.5) lib/action_dispatch/middleware/show_exceptions.rb:30:in `call'
  railties (4.0.5) lib/rails/rack/logger.rb:38:in `call_app'
  railties (4.0.5) lib/rails/rack/logger.rb:20:in `block in call'
  activesupport (4.0.5) lib/active_support/tagged_logging.rb:68:in `block in tagged'
  activesupport (4.0.5) lib/active_support/tagged_logging.rb:26:in `tagged'
  activesupport (4.0.5) lib/active_support/tagged_logging.rb:68:in `tagged'
  railties (4.0.5) lib/rails/rack/logger.rb:20:in `call'
  actionpack (4.0.5) lib/action_dispatch/middleware/request_id.rb:21:in `call'
  rack (1.5.2) lib/rack/methodoverride.rb:21:in `call'
  rack (1.5.2) lib/rack/runtime.rb:17:in `call'
  activesupport (4.0.5) lib/active_support/cache/strategy/local_cache.rb:83:in `call'
  rack (1.5.2) lib/rack/lock.rb:17:in `call'
  actionpack (4.0.5) lib/action_dispatch/middleware/static.rb:64:in `call'
  rack (1.5.2) lib/rack/sendfile.rb:112:in `call'
  railties (4.0.5) lib/rails/engine.rb:511:in `call'
  railties (4.0.5) lib/rails/application.rb:97:in `call'
  rack (1.5.2) lib/rack/lock.rb:17:in `call'
  rack (1.5.2) lib/rack/content_length.rb:14:in `call'
  rack (1.5.2) lib/rack/handler/webrick.rb:60:in `service'
  /Users/smythe1/.rvm/rubies/ruby-2.0.0-p451/lib/ruby/2.0.0/webrick/httpserver.rb:138:in `service'
  /Users/smythe1/.rvm/rubies/ruby-2.0.0-p451/lib/ruby/2.0.0/webrick/httpserver.rb:94:in `run'
  /Users/smythe1/.rvm/rubies/ruby-2.0.0-p451/lib/ruby/2.0.0/webrick/server.rb:295:in `block in start_thread'


  Rendered /Users/smythe1/.rvm/gems/ruby-2.0.0-p451@railstutorial_rails_4_0/gems/actionpack-4.0.5/lib/action_dispatch/middleware/templates/rescues/_source.erb (0.8ms)
  Rendered /Users/smythe1/.rvm/gems/ruby-2.0.0-p451@railstutorial_rails_4_0/gems/actionpack-4.0.5/lib/action_dispatch/middleware/templates/rescues/_trace.erb (1.9ms)
  Rendered /Users/smythe1/.rvm/gems/ruby-2.0.0-p451@railstutorial_rails_4_0/gems/actionpack-4.0.5/lib/action_dispatch/middleware/templates/rescues/_request_and_response.erb (1.5ms)
  Rendered /Users/smythe1/.rvm/gems/ruby-2.0.0-p451@railstutorial_rails_4_0/gems/actionpack-4.0.5/lib/action_dispatch/middleware/templates/rescues/diagnostics.erb within rescues/layout (27.0ms)
  [1m[36m (1.8ms)[0m  [1mCREATE TABLE "schema_migrations" ("version" varchar(255) NOT NULL) [0m
  [1m[35m (2.3ms)[0m  CREATE UNIQUE INDEX "unique_schema_migrations" ON "schema_migrations" ("version")
  [1m[36mActiveRecord::SchemaMigration Load (0.2ms)[0m  [1mSELECT "schema_migrations".* FROM "schema_migrations"[0m
Migrating to CreateUsers (20130311191400)
  [1m[35m (0.2ms)[0m  begin transaction
  [1m[36m (0.6ms)[0m  [1mCREATE TABLE "users" ("id" INTEGER PRIMARY KEY AUTOINCREMENT NOT NULL, "name" varchar(255), "email" varchar(255), "created_at" datetime, "updated_at" datetime) [0m
  [1m[35mSQL (0.3ms)[0m  INSERT INTO "schema_migrations" ("version") VALUES (?)  [["version", "20130311191400"]]
  [1m[36m (2.0ms)[0m  [1mcommit transaction[0m
Migrating to AddIndexToUsersEmail (20130311194153)
  [1m[35m (0.1ms)[0m  begin transaction
  [1m[36m (0.4ms)[0m  [1mCREATE UNIQUE INDEX "index_users_on_email" ON "users" ("email")[0m
  [1m[35mSQL (0.2ms)[0m  INSERT INTO "schema_migrations" ("version") VALUES (?)  [["version", "20130311194153"]]
  [1m[36m (1.9ms)[0m  [1mcommit transaction[0m
Migrating to AddPasswordDigestToUsers (20130311201841)
  [1m[35m (0.1ms)[0m  begin transaction
  [1m[36m (0.5ms)[0m  [1mALTER TABLE "users" ADD "password_digest" varchar(255)[0m
  [1m[35mSQL (0.2ms)[0m  INSERT INTO "schema_migrations" ("version") VALUES (?)  [["version", "20130311201841"]]
  [1m[36m (1.8ms)[0m  [1mcommit transaction[0m
Migrating to AddRememberTokenToUsers (20130314184954)
  [1m[35m (0.1ms)[0m  begin transaction
  [1m[36m (0.5ms)[0m  [1mALTER TABLE "users" ADD "remember_token" varchar(255)[0m
  [1m[35m (0.2ms)[0m  CREATE INDEX "index_users_on_remember_token" ON "users" ("remember_token")
  [1m[36mSQL (0.2ms)[0m  [1mINSERT INTO "schema_migrations" ("version") VALUES (?)[0m  [["version", "20130314184954"]]
  [1m[35m (3.1ms)[0m  commit transaction
Migrating to AddAdminToUsers (20130315015932)
  [1m[36m (0.1ms)[0m  [1mbegin transaction[0m
  [1m[35m (0.5ms)[0m  ALTER TABLE "users" ADD "admin" boolean
  [1m[36mSQL (0.2ms)[0m  [1mINSERT INTO "schema_migrations" ("version") VALUES (?)[0m  [["version", "20130315015932"]]
  [1m[35m (1.7ms)[0m  commit transaction
Migrating to CreateMicroposts (20130315175534)
  [1m[36m (0.1ms)[0m  [1mbegin transaction[0m
  [1m[35m (0.6ms)[0m  CREATE TABLE "microposts" ("id" INTEGER PRIMARY KEY AUTOINCREMENT NOT NULL, "content" varchar(255), "user_id" integer, "created_at" datetime, "updated_at" datetime) 
  [1m[36m (0.2ms)[0m  [1mCREATE INDEX "index_microposts_on_user_id_and_created_at" ON "microposts" ("user_id", "created_at")[0m
  [1m[35mSQL (0.3ms)[0m  INSERT INTO "schema_migrations" ("version") VALUES (?)  [["version", "20130315175534"]]
  [1m[36m (2.4ms)[0m  [1mcommit transaction[0m
Migrating to CreateRelationships (20130315230445)
  [1m[35m (0.1ms)[0m  begin transaction
  [1m[36m (0.6ms)[0m  [1mCREATE TABLE "relationships" ("id" INTEGER PRIMARY KEY AUTOINCREMENT NOT NULL, "follower_id" integer, "followed_id" integer, "created_at" datetime, "updated_at" datetime) [0m
  [1m[35m (0.2ms)[0m  CREATE INDEX "index_relationships_on_follower_id" ON "relationships" ("follower_id")
  [1m[36m (0.1ms)[0m  [1mCREATE INDEX "index_relationships_on_followed_id" ON "relationships" ("followed_id")[0m
  [1m[35m (1.0ms)[0m  CREATE UNIQUE INDEX "index_relationships_on_follower_id_and_followed_id" ON "relationships" ("follower_id", "followed_id")
  [1m[36mSQL (0.3ms)[0m  [1mINSERT INTO "schema_migrations" ("version") VALUES (?)[0m  [["version", "20130315230445"]]
  [1m[35m (2.2ms)[0m  commit transaction
  [1m[36mActiveRecord::SchemaMigration Load (0.2ms)[0m  [1mSELECT "schema_migrations".* FROM "schema_migrations"[0m


Started GET "/users" for 127.0.0.1 at 2014-06-07 22:19:27 -0700
  [1m[36mActiveRecord::SchemaMigration Load (0.2ms)[0m  [1mSELECT "schema_migrations".* FROM "schema_migrations"[0m
Processing by UsersController#index as HTML
  [1m[35mUser Load (0.2ms)[0m  SELECT "users".* FROM "users" WHERE "users"."remember_token" = '4489cccb5f3dc9e007239d0e3972706da029a01e' LIMIT 1
Redirected to http://localhost:3000/signin
Filter chain halted as :signed_in_user rendered or redirected
Completed 302 Found in 118ms (ActiveRecord: 0.6ms)


Started GET "/signin" for 127.0.0.1 at 2014-06-07 22:19:28 -0700
Processing by SessionsController#new as HTML
  Rendered sessions/new.html.erb within layouts/application (394.3ms)
Warning. Error encountered while saving cache 5b1726c726e5ae05113dd27b20cea93434e82c38/custom.css.scssc: can't dump anonymous class #<Class:0x00000101fbe058>

Warning. Error encountered while saving cache 97cdca16de250e06140125a48ff031ab5425d151/bootstrap.scssc: can't dump anonymous class #<Class:0x00000101fbe058>

Warning. Error encountered while saving cache 2f75df1182f350e06e55ab0b48933e73fdede82e/bootstrap.scssc: can't dump anonymous class #<Class:0x00000101fbe058>

Warning. Error encountered while saving cache 2f75df1182f350e06e55ab0b48933e73fdede82e/_variables.scssc: can't dump anonymous class #<Class:0x00000101fbe058>

Warning. Error encountered while saving cache 2f75df1182f350e06e55ab0b48933e73fdede82e/_mixins.scssc: can't dump anonymous class #<Class:0x00000101fbe058>

Warning. Error encountered while saving cache 2f75df1182f350e06e55ab0b48933e73fdede82e/_reset.scssc: can't dump anonymous class #<Class:0x00000101fbe058>

Warning. Error encountered while saving cache 2f75df1182f350e06e55ab0b48933e73fdede82e/_scaffolding.scssc: can't dump anonymous class #<Class:0x00000101fbe058>

Warning. Error encountered while saving cache 2f75df1182f350e06e55ab0b48933e73fdede82e/_grid.scssc: can't dump anonymous class #<Class:0x00000101fbe058>

Warning. Error encountered while saving cache 2f75df1182f350e06e55ab0b48933e73fdede82e/_layouts.scssc: can't dump anonymous class #<Class:0x00000101fbe058>

Warning. Error encountered while saving cache 2f75df1182f350e06e55ab0b48933e73fdede82e/_type.scssc: can't dump anonymous class #<Class:0x00000101fbe058>

Warning. Error encountered while saving cache 2f75df1182f350e06e55ab0b48933e73fdede82e/_code.scssc: can't dump anonymous class #<Class:0x00000101fbe058>

Warning. Error encountered while saving cache 2f75df1182f350e06e55ab0b48933e73fdede82e/_forms.scssc: can't dump anonymous class #<Class:0x00000101fbe058>

Warning. Error encountered while saving cache 2f75df1182f350e06e55ab0b48933e73fdede82e/_tables.scssc: can't dump anonymous class #<Class:0x00000101fbe058>

Warning. Error encountered while saving cache 2f75df1182f350e06e55ab0b48933e73fdede82e/_sprites.scssc: can't dump anonymous class #<Class:0x00000101fbe058>

Warning. Error encountered while saving cache 2f75df1182f350e06e55ab0b48933e73fdede82e/_dropdowns.scssc: can't dump anonymous class #<Class:0x00000101fbe058>

Warning. Error encountered while saving cache 2f75df1182f350e06e55ab0b48933e73fdede82e/_wells.scssc: can't dump anonymous class #<Class:0x00000101fbe058>

Warning. Error encountered while saving cache 2f75df1182f350e06e55ab0b48933e73fdede82e/_component-animations.scssc: can't dump anonymous class #<Class:0x00000101fbe058>

Warning. Error encountered while saving cache 2f75df1182f350e06e55ab0b48933e73fdede82e/_close.scssc: can't dump anonymous class #<Class:0x00000101fbe058>

Warning. Error encountered while saving cache 2f75df1182f350e06e55ab0b48933e73fdede82e/_buttons.scssc: can't dump anonymous class #<Class:0x00000101fbe058>

Warning. Error encountered while saving cache 2f75df1182f350e06e55ab0b48933e73fdede82e/_button-groups.scssc: can't dump anonymous class #<Class:0x00000101fbe058>

Warning. Error encountered while saving cache 2f75df1182f350e06e55ab0b48933e73fdede82e/_alerts.scssc: can't dump anonymous class #<Class:0x00000101fbe058>

Warning. Error encountered while saving cache 2f75df1182f350e06e55ab0b48933e73fdede82e/_navs.scssc: can't dump anonymous class #<Class:0x00000101fbe058>

Warning. Error encountered while saving cache 2f75df1182f350e06e55ab0b48933e73fdede82e/_navbar.scssc: can't dump anonymous class #<Class:0x00000101fbe058>

Warning. Error encountered while saving cache 2f75df1182f350e06e55ab0b48933e73fdede82e/_breadcrumbs.scssc: can't dump anonymous class #<Class:0x00000101fbe058>

Warning. Error encountered while saving cache 2f75df1182f350e06e55ab0b48933e73fdede82e/_pagination.scssc: can't dump anonymous class #<Class:0x00000101fbe058>

Warning. Error encountered while saving cache 2f75df1182f350e06e55ab0b48933e73fdede82e/_pager.scssc: can't dump anonymous class #<Class:0x00000101fbe058>

Warning. Error encountered while saving cache 2f75df1182f350e06e55ab0b48933e73fdede82e/_modals.scssc: can't dump anonymous class #<Class:0x00000101fbe058>

Warning. Error encountered while saving cache 2f75df1182f350e06e55ab0b48933e73fdede82e/_tooltip.scssc: can't dump anonymous class #<Class:0x00000101fbe058>

Warning. Error encountered while saving cache 2f75df1182f350e06e55ab0b48933e73fdede82e/_popovers.scssc: can't dump anonymous class #<Class:0x00000101fbe058>

Warning. Error encountered while saving cache 2f75df1182f350e06e55ab0b48933e73fdede82e/_thumbnails.scssc: can't dump anonymous class #<Class:0x00000101fbe058>

Warning. Error encountered while saving cache 2f75df1182f350e06e55ab0b48933e73fdede82e/_media.scssc: can't dump anonymous class #<Class:0x00000101fbe058>

Warning. Error encountered while saving cache 2f75df1182f350e06e55ab0b48933e73fdede82e/_labels-badges.scssc: can't dump anonymous class #<Class:0x00000101fbe058>

Warning. Error encountered while saving cache 2f75df1182f350e06e55ab0b48933e73fdede82e/_progress-bars.scssc: can't dump anonymous class #<Class:0x00000101fbe058>

Warning. Error encountered while saving cache 2f75df1182f350e06e55ab0b48933e73fdede82e/_accordion.scssc: can't dump anonymous class #<Class:0x00000101fbe058>

Warning. Error encountered while saving cache 2f75df1182f350e06e55ab0b48933e73fdede82e/_carousel.scssc: can't dump anonymous class #<Class:0x00000101fbe058>

Warning. Error encountered while saving cache 2f75df1182f350e06e55ab0b48933e73fdede82e/_hero-unit.scssc: can't dump anonymous class #<Class:0x00000101fbe058>

Warning. Error encountered while saving cache 2f75df1182f350e06e55ab0b48933e73fdede82e/_utilities.scssc: can't dump anonymous class #<Class:0x00000101fbe058>

Warning. Error encountered while saving cache 5b1726c726e5ae05113dd27b20cea93434e82c38/sessions.css.scssc: can't dump anonymous class #<Class:0x00000101fbe058>

Warning. Error encountered while saving cache 5b1726c726e5ae05113dd27b20cea93434e82c38/static_pages.css.scssc: can't dump anonymous class #<Class:0x00000101fbe058>

Warning. Error encountered while saving cache 5b1726c726e5ae05113dd27b20cea93434e82c38/users.css.scssc: can't dump anonymous class #<Class:0x00000101fbe058>

  Rendered layouts/_shim.html.erb (0.8ms)
  [1m[36mUser Load (0.5ms)[0m  [1mSELECT "users".* FROM "users" WHERE "users"."remember_token" = '4489cccb5f3dc9e007239d0e3972706da029a01e' LIMIT 1[0m
  Rendered layouts/_header.html.erb (4.1ms)
  Rendered layouts/_footer.html.erb (1.0ms)
Completed 200 OK in 5178ms (Views: 5175.3ms | ActiveRecord: 0.5ms)


Started GET "/assets/custom.css?body=1" for 127.0.0.1 at 2014-06-07 22:19:33 -0700


Started GET "/assets/sessions.css?body=1" for 127.0.0.1 at 2014-06-07 22:19:33 -0700


Started GET "/assets/turbolinks.js?body=1" for 127.0.0.1 at 2014-06-07 22:19:33 -0700


Started GET "/assets/static_pages.css?body=1" for 127.0.0.1 at 2014-06-07 22:19:33 -0700


Started GET "/assets/users.css?body=1" for 127.0.0.1 at 2014-06-07 22:19:33 -0700


Started GET "/assets/bootstrap-affix.js?body=1" for 127.0.0.1 at 2014-06-07 22:19:33 -0700


Started GET "/assets/jquery_ujs.js?body=1" for 127.0.0.1 at 2014-06-07 22:19:33 -0700


Started GET "/assets/jquery.js?body=1" for 127.0.0.1 at 2014-06-07 22:19:33 -0700


Started GET "/assets/bootstrap-transition.js?body=1" for 127.0.0.1 at 2014-06-07 22:19:33 -0700


Started GET "/assets/application.css?body=1" for 127.0.0.1 at 2014-06-07 22:19:33 -0700


Started GET "/assets/bootstrap-alert.js?body=1" for 127.0.0.1 at 2014-06-07 22:19:33 -0700


Started GET "/assets/bootstrap-button.js?body=1" for 127.0.0.1 at 2014-06-07 22:19:33 -0700


Started GET "/assets/bootstrap-carousel.js?body=1" for 127.0.0.1 at 2014-06-07 22:19:33 -0700


Started GET "/assets/bootstrap-collapse.js?body=1" for 127.0.0.1 at 2014-06-07 22:19:33 -0700


Started GET "/assets/bootstrap-dropdown.js?body=1" for 127.0.0.1 at 2014-06-07 22:19:33 -0700


Started GET "/assets/bootstrap-modal.js?body=1" for 127.0.0.1 at 2014-06-07 22:19:33 -0700


Started GET "/assets/bootstrap-tooltip.js?body=1" for 127.0.0.1 at 2014-06-07 22:19:33 -0700


Started GET "/assets/bootstrap-scrollspy.js?body=1" for 127.0.0.1 at 2014-06-07 22:19:33 -0700


Started GET "/assets/sessions.js?body=1" for 127.0.0.1 at 2014-06-07 22:19:33 -0700


Started GET "/assets/users.js?body=1" for 127.0.0.1 at 2014-06-07 22:19:33 -0700


Started GET "/assets/bootstrap-typeahead.js?body=1" for 127.0.0.1 at 2014-06-07 22:19:33 -0700


Started GET "/assets/bootstrap-popover.js?body=1" for 127.0.0.1 at 2014-06-07 22:19:33 -0700


Started GET "/assets/bootstrap.js?body=1" for 127.0.0.1 at 2014-06-07 22:19:33 -0700


Started GET "/assets/bootstrap-tab.js?body=1" for 127.0.0.1 at 2014-06-07 22:19:33 -0700


Started GET "/assets/application.js?body=1" for 127.0.0.1 at 2014-06-07 22:19:33 -0700


Started GET "/assets/static_pages.js?body=1" for 127.0.0.1 at 2014-06-07 22:19:33 -0700


Started GET "/users" for 127.0.0.1 at 2014-06-07 22:19:42 -0700
Processing by UsersController#index as HTML
  [1m[35mUser Load (0.3ms)[0m  SELECT "users".* FROM "users" WHERE "users"."remember_token" = '4489cccb5f3dc9e007239d0e3972706da029a01e' LIMIT 1
Redirected to http://localhost:3000/signin
Filter chain halted as :signed_in_user rendered or redirected
Completed 302 Found in 12ms (ActiveRecord: 0.3ms)


Started GET "/signin" for 127.0.0.1 at 2014-06-07 22:19:42 -0700
Processing by SessionsController#new as HTML
  Rendered sessions/new.html.erb within layouts/application (4.8ms)
  Rendered layouts/_shim.html.erb (0.1ms)
  [1m[36mUser Load (0.2ms)[0m  [1mSELECT "users".* FROM "users" WHERE "users"."remember_token" = '4489cccb5f3dc9e007239d0e3972706da029a01e' LIMIT 1[0m
  Rendered layouts/_header.html.erb (1.5ms)
  Rendered layouts/_footer.html.erb (0.2ms)
Completed 200 OK in 36ms (Views: 35.0ms | ActiveRecord: 0.2ms)


Started GET "/assets/custom.css?body=1" for 127.0.0.1 at 2014-06-07 22:19:42 -0700


Started GET "/assets/jquery_ujs.js?body=1" for 127.0.0.1 at 2014-06-07 22:19:42 -0700


Started GET "/assets/sessions.css?body=1" for 127.0.0.1 at 2014-06-07 22:19:42 -0700


Started GET "/assets/bootstrap-transition.js?body=1" for 127.0.0.1 at 2014-06-07 22:19:42 -0700


Started GET "/assets/users.css?body=1" for 127.0.0.1 at 2014-06-07 22:19:42 -0700


Started GET "/assets/jquery.js?body=1" for 127.0.0.1 at 2014-06-07 22:19:42 -0700


Started GET "/assets/static_pages.css?body=1" for 127.0.0.1 at 2014-06-07 22:19:42 -0700


Started GET "/assets/bootstrap-affix.js?body=1" for 127.0.0.1 at 2014-06-07 22:19:42 -0700


Started GET "/assets/bootstrap-alert.js?body=1" for 127.0.0.1 at 2014-06-07 22:19:42 -0700


Started GET "/assets/bootstrap-button.js?body=1" for 127.0.0.1 at 2014-06-07 22:19:42 -0700


Started GET "/assets/bootstrap-collapse.js?body=1" for 127.0.0.1 at 2014-06-07 22:19:42 -0700


Started GET "/assets/bootstrap-carousel.js?body=1" for 127.0.0.1 at 2014-06-07 22:19:42 -0700


Started GET "/assets/bootstrap-dropdown.js?body=1" for 127.0.0.1 at 2014-06-07 22:19:42 -0700


Started GET "/assets/turbolinks.js?body=1" for 127.0.0.1 at 2014-06-07 22:19:42 -0700


Started GET "/assets/bootstrap-modal.js?body=1" for 127.0.0.1 at 2014-06-07 22:19:42 -0700


Started GET "/assets/application.css?body=1" for 127.0.0.1 at 2014-06-07 22:19:42 -0700


Started GET "/assets/bootstrap-tab.js?body=1" for 127.0.0.1 at 2014-06-07 22:19:43 -0700


Started GET "/assets/bootstrap.js?body=1" for 127.0.0.1 at 2014-06-07 22:19:43 -0700


Started GET "/assets/bootstrap-typeahead.js?body=1" for 127.0.0.1 at 2014-06-07 22:19:43 -0700


Started GET "/assets/sessions.js?body=1" for 127.0.0.1 at 2014-06-07 22:19:43 -0700


Started GET "/assets/bootstrap-tooltip.js?body=1" for 127.0.0.1 at 2014-06-07 22:19:43 -0700


Started GET "/assets/users.js?body=1" for 127.0.0.1 at 2014-06-07 22:19:43 -0700


Started GET "/assets/bootstrap-popover.js?body=1" for 127.0.0.1 at 2014-06-07 22:19:43 -0700


Started GET "/assets/static_pages.js?body=1" for 127.0.0.1 at 2014-06-07 22:19:43 -0700


Started GET "/assets/application.js?body=1" for 127.0.0.1 at 2014-06-07 22:19:43 -0700


Started GET "/assets/bootstrap-scrollspy.js?body=1" for 127.0.0.1 at 2014-06-07 22:19:43 -0700


Started POST "/sessions" for 127.0.0.1 at 2014-06-07 22:20:19 -0700
Processing by SessionsController#create as HTML
  Parameters: {"utf8"=>"✓", "authenticity_token"=>"OZ4akGr4ZdwYPPb6TYm/4NVtoBoCldxvdhM4Nexy0uI=", "session"=>{"email"=>"edwin@edwinwarner.com", "password"=>"[FILTERED]"}, "commit"=>"Sign in"}
  [1m[35mUser Load (0.6ms)[0m  SELECT "users".* FROM "users" WHERE "users"."email" = 'edwin@edwinwarner.com' LIMIT 1
  Rendered sessions/new.html.erb within layouts/application (1.7ms)
  Rendered layouts/_shim.html.erb (0.1ms)
  [1m[36mUser Load (0.2ms)[0m  [1mSELECT "users".* FROM "users" WHERE "users"."remember_token" = '4489cccb5f3dc9e007239d0e3972706da029a01e' LIMIT 1[0m
  Rendered layouts/_header.html.erb (1.5ms)
  Rendered layouts/_footer.html.erb (0.3ms)
Completed 200 OK in 23ms (Views: 19.5ms | ActiveRecord: 0.8ms)


Started GET "/assets/custom.css?body=1" for 127.0.0.1 at 2014-06-07 22:20:19 -0700


Started GET "/assets/users.css?body=1" for 127.0.0.1 at 2014-06-07 22:20:19 -0700


Started GET "/assets/jquery.js?body=1" for 127.0.0.1 at 2014-06-07 22:20:20 -0700


Started GET "/assets/sessions.css?body=1" for 127.0.0.1 at 2014-06-07 22:20:20 -0700


Started GET "/assets/jquery_ujs.js?body=1" for 127.0.0.1 at 2014-06-07 22:20:20 -0700


Started GET "/assets/static_pages.css?body=1" for 127.0.0.1 at 2014-06-07 22:20:20 -0700


Started GET "/assets/turbolinks.js?body=1" for 127.0.0.1 at 2014-06-07 22:20:20 -0700


Started GET "/assets/bootstrap-transition.js?body=1" for 127.0.0.1 at 2014-06-07 22:20:20 -0700


Started GET "/assets/bootstrap-affix.js?body=1" for 127.0.0.1 at 2014-06-07 22:20:20 -0700


Started GET "/assets/application.css?body=1" for 127.0.0.1 at 2014-06-07 22:20:20 -0700


Started GET "/assets/bootstrap-alert.js?body=1" for 127.0.0.1 at 2014-06-07 22:20:20 -0700


Started GET "/assets/bootstrap-button.js?body=1" for 127.0.0.1 at 2014-06-07 22:20:20 -0700


Started GET "/assets/bootstrap-carousel.js?body=1" for 127.0.0.1 at 2014-06-07 22:20:20 -0700


Started GET "/assets/bootstrap-dropdown.js?body=1" for 127.0.0.1 at 2014-06-07 22:20:20 -0700


Started GET "/assets/bootstrap-collapse.js?body=1" for 127.0.0.1 at 2014-06-07 22:20:20 -0700


Started GET "/assets/bootstrap-modal.js?body=1" for 127.0.0.1 at 2014-06-07 22:20:20 -0700


Started GET "/assets/bootstrap.js?body=1" for 127.0.0.1 at 2014-06-07 22:20:20 -0700


Started GET "/assets/bootstrap-popover.js?body=1" for 127.0.0.1 at 2014-06-07 22:20:20 -0700


Started GET "/assets/bootstrap-tooltip.js?body=1" for 127.0.0.1 at 2014-06-07 22:20:20 -0700


Started GET "/assets/bootstrap-typeahead.js?body=1" for 127.0.0.1 at 2014-06-07 22:20:20 -0700


Started GET "/assets/sessions.js?body=1" for 127.0.0.1 at 2014-06-07 22:20:20 -0700


Started GET "/assets/bootstrap-scrollspy.js?body=1" for 127.0.0.1 at 2014-06-07 22:20:20 -0700


Started GET "/assets/bootstrap-tab.js?body=1" for 127.0.0.1 at 2014-06-07 22:20:20 -0700


Started GET "/assets/static_pages.js?body=1" for 127.0.0.1 at 2014-06-07 22:20:20 -0700


Started GET "/assets/users.js?body=1" for 127.0.0.1 at 2014-06-07 22:20:20 -0700


Started GET "/assets/application.js?body=1" for 127.0.0.1 at 2014-06-07 22:20:20 -0700


Started GET "/signup" for 127.0.0.1 at 2014-06-07 22:20:47 -0700
Processing by UsersController#new as HTML
  Rendered shared/_error_messages.html.erb (4.0ms)
  Rendered users/new.html.erb within layouts/application (20.7ms)
  Rendered layouts/_shim.html.erb (0.1ms)
  [1m[35mUser Load (0.2ms)[0m  SELECT "users".* FROM "users" WHERE "users"."remember_token" = '4489cccb5f3dc9e007239d0e3972706da029a01e' LIMIT 1
  Rendered layouts/_header.html.erb (1.8ms)
  Rendered layouts/_footer.html.erb (0.2ms)
Completed 200 OK in 40ms (Views: 38.9ms | ActiveRecord: 0.4ms)


Started GET "/assets/sessions.css?body=1" for 127.0.0.1 at 2014-06-07 22:20:47 -0700


Started GET "/assets/jquery_ujs.js?body=1" for 127.0.0.1 at 2014-06-07 22:20:47 -0700


Started GET "/assets/custom.css?body=1" for 127.0.0.1 at 2014-06-07 22:20:47 -0700


Started GET "/assets/turbolinks.js?body=1" for 127.0.0.1 at 2014-06-07 22:20:47 -0700


Started GET "/assets/static_pages.css?body=1" for 127.0.0.1 at 2014-06-07 22:20:47 -0700


Started GET "/assets/users.css?body=1" for 127.0.0.1 at 2014-06-07 22:20:47 -0700


Started GET "/assets/jquery.js?body=1" for 127.0.0.1 at 2014-06-07 22:20:47 -0700


Started GET "/assets/bootstrap-transition.js?body=1" for 127.0.0.1 at 2014-06-07 22:20:47 -0700


Started GET "/assets/application.css?body=1" for 127.0.0.1 at 2014-06-07 22:20:47 -0700


Started GET "/assets/bootstrap-button.js?body=1" for 127.0.0.1 at 2014-06-07 22:20:47 -0700


Started GET "/assets/bootstrap-modal.js?body=1" for 127.0.0.1 at 2014-06-07 22:20:47 -0700


Started GET "/assets/bootstrap-carousel.js?body=1" for 127.0.0.1 at 2014-06-07 22:20:47 -0700


Started GET "/assets/bootstrap-collapse.js?body=1" for 127.0.0.1 at 2014-06-07 22:20:47 -0700


Started GET "/assets/bootstrap-affix.js?body=1" for 127.0.0.1 at 2014-06-07 22:20:47 -0700


Started GET "/assets/bootstrap-alert.js?body=1" for 127.0.0.1 at 2014-06-07 22:20:47 -0700


Started GET "/assets/bootstrap-dropdown.js?body=1" for 127.0.0.1 at 2014-06-07 22:20:47 -0700


Started GET "/assets/bootstrap-scrollspy.js?body=1" for 127.0.0.1 at 2014-06-07 22:20:47 -0700


Started GET "/assets/bootstrap-tab.js?body=1" for 127.0.0.1 at 2014-06-07 22:20:47 -0700


Started GET "/assets/bootstrap-popover.js?body=1" for 127.0.0.1 at 2014-06-07 22:20:47 -0700


Started GET "/assets/bootstrap-typeahead.js?body=1" for 127.0.0.1 at 2014-06-07 22:20:47 -0700


Started GET "/assets/bootstrap-tooltip.js?body=1" for 127.0.0.1 at 2014-06-07 22:20:47 -0700


Started GET "/assets/sessions.js?body=1" for 127.0.0.1 at 2014-06-07 22:20:47 -0700


Started GET "/assets/static_pages.js?body=1" for 127.0.0.1 at 2014-06-07 22:20:47 -0700


Started GET "/assets/bootstrap.js?body=1" for 127.0.0.1 at 2014-06-07 22:20:47 -0700


Started GET "/assets/users.js?body=1" for 127.0.0.1 at 2014-06-07 22:20:47 -0700


Started GET "/assets/application.js?body=1" for 127.0.0.1 at 2014-06-07 22:20:47 -0700


Started POST "/users" for 127.0.0.1 at 2014-06-07 22:21:09 -0700
Processing by UsersController#create as HTML
  Parameters: {"utf8"=>"✓", "authenticity_token"=>"OZ4akGr4ZdwYPPb6TYm/4NVtoBoCldxvdhM4Nexy0uI=", "user"=>{"name"=>"new user", "email"=>"newuser@newuser.com", "password"=>"[FILTERED]", "password_confirmation"=>"[FILTERED]"}, "commit"=>"Create my account"}
  [1m[36m (0.2ms)[0m  [1mbegin transaction[0m
  [1m[35mUser Exists (0.2ms)[0m  SELECT 1 AS one FROM "users" WHERE LOWER("users"."email") = LOWER('newuser@newuser.com') LIMIT 1
Binary data inserted for `string` type on column `password_digest`
  [1m[36mSQL (71.9ms)[0m  [1mINSERT INTO "users" ("created_at", "email", "name", "password_digest", "remember_token", "updated_at") VALUES (?, ?, ?, ?, ?, ?)[0m  [["created_at", Sun, 08 Jun 2014 05:21:09 UTC +00:00], ["email", "newuser@newuser.com"], ["name", "new user"], ["password_digest", "$2a$10$nL0ZB0kPhKcDDUEPAqTcMOIhN0ozBWR1Yd3nDjxYjKv92heZBpsPy"], ["remember_token", "d3adf9f0ad6bd70b7ef259b717ea15ee6ada28bc"], ["updated_at", Sun, 08 Jun 2014 05:21:09 UTC +00:00]]
  [1m[35m (2.2ms)[0m  commit transaction
  [1m[36m (0.1ms)[0m  [1mbegin transaction[0m
  [1m[35mSQL (0.9ms)[0m  UPDATE "users" SET "remember_token" = ?, "updated_at" = ? WHERE "users"."id" = 1  [["remember_token", "953f17edf1137c2972add90f33f5d98149ee179a"], ["updated_at", Sun, 08 Jun 2014 05:21:09 UTC +00:00]]
  [1m[36m (3.1ms)[0m  [1mcommit transaction[0m
Redirected to http://localhost:3000/users/1
Completed 302 Found in 194ms (ActiveRecord: 78.6ms)


Started GET "/users/1" for 127.0.0.1 at 2014-06-07 22:21:09 -0700
Processing by UsersController#show as HTML
  Parameters: {"id"=>"1"}
  [1m[35mUser Load (0.3ms)[0m  SELECT "users".* FROM "users" WHERE "users"."id" = ? LIMIT 1  [["id", "1"]]
  [1m[36m (0.3ms)[0m  [1mSELECT COUNT(*) FROM "users" INNER JOIN "relationships" ON "users"."id" = "relationships"."followed_id" WHERE "relationships"."follower_id" = ?[0m  [["follower_id", 1]]
  [1m[35m (0.3ms)[0m  SELECT COUNT(*) FROM "users" INNER JOIN "relationships" ON "users"."id" = "relationships"."follower_id" WHERE "relationships"."followed_id" = ?  [["followed_id", 1]]
  Rendered shared/_stats.html.erb (21.8ms)
  [1m[36mUser Load (0.2ms)[0m  [1mSELECT "users".* FROM "users" WHERE "users"."remember_token" = '953f17edf1137c2972add90f33f5d98149ee179a' LIMIT 1[0m
  Rendered users/_follow_form.html.erb (0.8ms)
  [1m[35mMicropost Exists (0.3ms)[0m  SELECT 1 AS one FROM "microposts" WHERE "microposts"."user_id" = ? ORDER BY created_at DESC LIMIT 1  [["user_id", 1]]
  Rendered users/show.html.erb within layouts/application (31.9ms)
  Rendered layouts/_shim.html.erb (0.1ms)
  Rendered layouts/_header.html.erb (1.1ms)
  Rendered layouts/_footer.html.erb (0.2ms)
Completed 200 OK in 78ms (Views: 48.2ms | ActiveRecord: 2.1ms)


Started GET "/assets/custom.css?body=1" for 127.0.0.1 at 2014-06-07 22:21:09 -0700


Started GET "/assets/static_pages.css?body=1" for 127.0.0.1 at 2014-06-07 22:21:09 -0700


Started GET "/assets/sessions.css?body=1" for 127.0.0.1 at 2014-06-07 22:21:09 -0700


Started GET "/assets/users.css?body=1" for 127.0.0.1 at 2014-06-07 22:21:09 -0700


Started GET "/assets/jquery.js?body=1" for 127.0.0.1 at 2014-06-07 22:21:09 -0700


Started GET "/assets/bootstrap-alert.js?body=1" for 127.0.0.1 at 2014-06-07 22:21:09 -0700


Started GET "/assets/turbolinks.js?body=1" for 127.0.0.1 at 2014-06-07 22:21:09 -0700


Started GET "/assets/bootstrap-transition.js?body=1" for 127.0.0.1 at 2014-06-07 22:21:09 -0700


Started GET "/assets/jquery_ujs.js?body=1" for 127.0.0.1 at 2014-06-07 22:21:09 -0700


Started GET "/assets/bootstrap-dropdown.js?body=1" for 127.0.0.1 at 2014-06-07 22:21:09 -0700


Started GET "/assets/bootstrap-affix.js?body=1" for 127.0.0.1 at 2014-06-07 22:21:09 -0700


Started GET "/assets/bootstrap-carousel.js?body=1" for 127.0.0.1 at 2014-06-07 22:21:09 -0700


Started GET "/assets/bootstrap-modal.js?body=1" for 127.0.0.1 at 2014-06-07 22:21:09 -0700


Started GET "/assets/bootstrap-button.js?body=1" for 127.0.0.1 at 2014-06-07 22:21:09 -0700


Started GET "/assets/bootstrap-collapse.js?body=1" for 127.0.0.1 at 2014-06-07 22:21:09 -0700


Started GET "/assets/application.css?body=1" for 127.0.0.1 at 2014-06-07 22:21:09 -0700


Started GET "/assets/bootstrap-popover.js?body=1" for 127.0.0.1 at 2014-06-07 22:21:09 -0700


Started GET "/assets/bootstrap.js?body=1" for 127.0.0.1 at 2014-06-07 22:21:09 -0700


Started GET "/assets/sessions.js?body=1" for 127.0.0.1 at 2014-06-07 22:21:09 -0700


Started GET "/assets/bootstrap-tab.js?body=1" for 127.0.0.1 at 2014-06-07 22:21:09 -0700


Started GET "/assets/bootstrap-tooltip.js?body=1" for 127.0.0.1 at 2014-06-07 22:21:09 -0700


Started GET "/assets/bootstrap-scrollspy.js?body=1" for 127.0.0.1 at 2014-06-07 22:21:09 -0700


Started GET "/assets/bootstrap-typeahead.js?body=1" for 127.0.0.1 at 2014-06-07 22:21:09 -0700


Started GET "/assets/static_pages.js?body=1" for 127.0.0.1 at 2014-06-07 22:21:09 -0700


Started GET "/assets/users.js?body=1" for 127.0.0.1 at 2014-06-07 22:21:09 -0700


Started GET "/assets/application.js?body=1" for 127.0.0.1 at 2014-06-07 22:21:09 -0700


Started DELETE "/signout" for 127.0.0.1 at 2014-06-07 22:21:14 -0700
Processing by SessionsController#destroy as HTML
  Parameters: {"authenticity_token"=>"OZ4akGr4ZdwYPPb6TYm/4NVtoBoCldxvdhM4Nexy0uI="}
  [1m[36mUser Load (0.3ms)[0m  [1mSELECT "users".* FROM "users" WHERE "users"."remember_token" = '953f17edf1137c2972add90f33f5d98149ee179a' LIMIT 1[0m
  [1m[35m (0.1ms)[0m  begin transaction
  [1m[36mSQL (0.6ms)[0m  [1mUPDATE "users" SET "remember_token" = ?, "updated_at" = ? WHERE "users"."id" = 1[0m  [["remember_token", "d9e9a6d458315dac926cd7957a81a251b51878a3"], ["updated_at", Sun, 08 Jun 2014 05:21:14 UTC +00:00]]
  [1m[35m (2.1ms)[0m  commit transaction
Redirected to http://localhost:3000/
Completed 302 Found in 8ms (ActiveRecord: 3.1ms)


Started GET "/" for 127.0.0.1 at 2014-06-07 22:21:14 -0700
Processing by StaticPagesController#home as HTML
  [1m[36mUser Load (0.3ms)[0m  [1mSELECT "users".* FROM "users" WHERE "users"."remember_token" = 'da39a3ee5e6b4b0d3255bfef95601890afd80709' LIMIT 1[0m
  [1m[35mCACHE (0.0ms)[0m  SELECT "users".* FROM "users" WHERE "users"."remember_token" = 'da39a3ee5e6b4b0d3255bfef95601890afd80709' LIMIT 1
  Rendered static_pages/home.html.erb within layouts/application (2.8ms)
  Rendered layouts/_shim.html.erb (0.1ms)
  [1m[36mCACHE (0.0ms)[0m  [1mSELECT "users".* FROM "users" WHERE "users"."remember_token" = 'da39a3ee5e6b4b0d3255bfef95601890afd80709' LIMIT 1[0m
  Rendered layouts/_header.html.erb (1.1ms)
  Rendered layouts/_footer.html.erb (0.3ms)
Completed 200 OK in 23ms (Views: 20.9ms | ActiveRecord: 0.3ms)


Started GET "/assets/custom.css?body=1" for 127.0.0.1 at 2014-06-07 22:21:14 -0700


Started GET "/assets/static_pages.css?body=1" for 127.0.0.1 at 2014-06-07 22:21:14 -0700


Started GET "/assets/sessions.css?body=1" for 127.0.0.1 at 2014-06-07 22:21:14 -0700


Started GET "/assets/users.css?body=1" for 127.0.0.1 at 2014-06-07 22:21:14 -0700


Started GET "/assets/jquery.js?body=1" for 127.0.0.1 at 2014-06-07 22:21:14 -0700


Started GET "/assets/turbolinks.js?body=1" for 127.0.0.1 at 2014-06-07 22:21:14 -0700


Started GET "/assets/bootstrap-transition.js?body=1" for 127.0.0.1 at 2014-06-07 22:21:14 -0700


Started GET "/assets/bootstrap-affix.js?body=1" for 127.0.0.1 at 2014-06-07 22:21:14 -0700


Started GET "/assets/bootstrap-alert.js?body=1" for 127.0.0.1 at 2014-06-07 22:21:14 -0700


Started GET "/assets/bootstrap-button.js?body=1" for 127.0.0.1 at 2014-06-07 22:21:14 -0700


Started GET "/assets/bootstrap-carousel.js?body=1" for 127.0.0.1 at 2014-06-07 22:21:14 -0700


Started GET "/assets/bootstrap-collapse.js?body=1" for 127.0.0.1 at 2014-06-07 22:21:14 -0700


Started GET "/assets/bootstrap-dropdown.js?body=1" for 127.0.0.1 at 2014-06-07 22:21:14 -0700


Started GET "/assets/jquery_ujs.js?body=1" for 127.0.0.1 at 2014-06-07 22:21:14 -0700


Started GET "/assets/bootstrap-modal.js?body=1" for 127.0.0.1 at 2014-06-07 22:21:14 -0700


Started GET "/assets/application.css?body=1" for 127.0.0.1 at 2014-06-07 22:21:14 -0700


Started GET "/assets/bootstrap-tooltip.js?body=1" for 127.0.0.1 at 2014-06-07 22:21:14 -0700


Started GET "/assets/bootstrap-tab.js?body=1" for 127.0.0.1 at 2014-06-07 22:21:14 -0700


Started GET "/assets/bootstrap-scrollspy.js?body=1" for 127.0.0.1 at 2014-06-07 22:21:14 -0700


Started GET "/assets/bootstrap-popover.js?body=1" for 127.0.0.1 at 2014-06-07 22:21:14 -0700


Started GET "/assets/sessions.js?body=1" for 127.0.0.1 at 2014-06-07 22:21:14 -0700


Started GET "/assets/bootstrap-typeahead.js?body=1" for 127.0.0.1 at 2014-06-07 22:21:14 -0700


Started GET "/assets/bootstrap.js?body=1" for 127.0.0.1 at 2014-06-07 22:21:14 -0700


Started GET "/assets/static_pages.js?body=1" for 127.0.0.1 at 2014-06-07 22:21:14 -0700


Started GET "/assets/users.js?body=1" for 127.0.0.1 at 2014-06-07 22:21:14 -0700


Started GET "/assets/rails.png" for 127.0.0.1 at 2014-06-07 22:21:14 -0700


Started GET "/assets/application.js?body=1" for 127.0.0.1 at 2014-06-07 22:21:14 -0700


Started GET "/signup" for 127.0.0.1 at 2014-06-07 22:21:16 -0700
Processing by UsersController#new as HTML
  Rendered shared/_error_messages.html.erb (0.7ms)
  Rendered users/new.html.erb within layouts/application (6.9ms)
  Rendered layouts/_shim.html.erb (0.6ms)
  [1m[35mUser Load (0.3ms)[0m  SELECT "users".* FROM "users" WHERE "users"."remember_token" = 'da39a3ee5e6b4b0d3255bfef95601890afd80709' LIMIT 1
  Rendered layouts/_header.html.erb (3.0ms)
  Rendered layouts/_footer.html.erb (1.0ms)
Completed 200 OK in 31ms (Views: 29.8ms | ActiveRecord: 0.3ms)


Started GET "/signup" for 127.0.0.1 at 2014-06-07 22:21:16 -0700
Processing by UsersController#new as HTML
  Rendered shared/_error_messages.html.erb (0.1ms)
  Rendered users/new.html.erb within layouts/application (4.7ms)
  Rendered layouts/_shim.html.erb (0.1ms)
  [1m[36mUser Load (0.2ms)[0m  [1mSELECT "users".* FROM "users" WHERE "users"."remember_token" = 'da39a3ee5e6b4b0d3255bfef95601890afd80709' LIMIT 1[0m
  Rendered layouts/_header.html.erb (1.7ms)
  Rendered layouts/_footer.html.erb (0.2ms)
Completed 200 OK in 23ms (Views: 21.5ms | ActiveRecord: 0.2ms)


Started GET "/assets/custom.css?body=1" for 127.0.0.1 at 2014-06-07 22:21:16 -0700


Started GET "/assets/sessions.css?body=1" for 127.0.0.1 at 2014-06-07 22:21:16 -0700


Started GET "/assets/users.css?body=1" for 127.0.0.1 at 2014-06-07 22:21:16 -0700


Started GET "/assets/static_pages.css?body=1" for 127.0.0.1 at 2014-06-07 22:21:16 -0700


Started GET "/assets/jquery.js?body=1" for 127.0.0.1 at 2014-06-07 22:21:16 -0700


Started GET "/assets/turbolinks.js?body=1" for 127.0.0.1 at 2014-06-07 22:21:16 -0700


Started GET "/assets/jquery_ujs.js?body=1" for 127.0.0.1 at 2014-06-07 22:21:16 -0700


Started GET "/assets/bootstrap-affix.js?body=1" for 127.0.0.1 at 2014-06-07 22:21:16 -0700


Started GET "/assets/bootstrap-alert.js?body=1" for 127.0.0.1 at 2014-06-07 22:21:16 -0700


Started GET "/assets/bootstrap-transition.js?body=1" for 127.0.0.1 at 2014-06-07 22:21:16 -0700


Started GET "/assets/bootstrap-button.js?body=1" for 127.0.0.1 at 2014-06-07 22:21:16 -0700


Started GET "/assets/bootstrap-carousel.js?body=1" for 127.0.0.1 at 2014-06-07 22:21:16 -0700


Started GET "/assets/bootstrap-dropdown.js?body=1" for 127.0.0.1 at 2014-06-07 22:21:16 -0700


Started GET "/assets/bootstrap-collapse.js?body=1" for 127.0.0.1 at 2014-06-07 22:21:16 -0700


Started GET "/assets/bootstrap-modal.js?body=1" for 127.0.0.1 at 2014-06-07 22:21:16 -0700


Started GET "/assets/application.css?body=1" for 127.0.0.1 at 2014-06-07 22:21:16 -0700


Started GET "/assets/bootstrap-tooltip.js?body=1" for 127.0.0.1 at 2014-06-07 22:21:16 -0700


Started GET "/assets/bootstrap-typeahead.js?body=1" for 127.0.0.1 at 2014-06-07 22:21:16 -0700


Started GET "/assets/bootstrap-popover.js?body=1" for 127.0.0.1 at 2014-06-07 22:21:16 -0700


Started GET "/assets/bootstrap.js?body=1" for 127.0.0.1 at 2014-06-07 22:21:16 -0700


Started GET "/assets/bootstrap-tab.js?body=1" for 127.0.0.1 at 2014-06-07 22:21:16 -0700


Started GET "/assets/bootstrap-scrollspy.js?body=1" for 127.0.0.1 at 2014-06-07 22:21:16 -0700


Started GET "/assets/static_pages.js?body=1" for 127.0.0.1 at 2014-06-07 22:21:16 -0700


Started GET "/assets/sessions.js?body=1" for 127.0.0.1 at 2014-06-07 22:21:16 -0700


Started GET "/assets/users.js?body=1" for 127.0.0.1 at 2014-06-07 22:21:16 -0700


Started GET "/assets/application.js?body=1" for 127.0.0.1 at 2014-06-07 22:21:16 -0700


Started GET "/signin" for 127.0.0.1 at 2014-06-07 22:21:19 -0700
Processing by SessionsController#new as HTML
  Rendered sessions/new.html.erb within layouts/application (3.0ms)
  Rendered layouts/_shim.html.erb (0.1ms)
  [1m[35mUser Load (0.2ms)[0m  SELECT "users".* FROM "users" WHERE "users"."remember_token" = 'da39a3ee5e6b4b0d3255bfef95601890afd80709' LIMIT 1
  Rendered layouts/_header.html.erb (1.7ms)
  Rendered layouts/_footer.html.erb (0.2ms)
Completed 200 OK in 24ms (Views: 23.2ms | ActiveRecord: 0.2ms)


Started GET "/signin" for 127.0.0.1 at 2014-06-07 22:21:19 -0700
Processing by SessionsController#new as HTML
  Rendered sessions/new.html.erb within layouts/application (1.7ms)
  Rendered layouts/_shim.html.erb (0.1ms)
  [1m[36mUser Load (0.2ms)[0m  [1mSELECT "users".* FROM "users" WHERE "users"."remember_token" = 'da39a3ee5e6b4b0d3255bfef95601890afd80709' LIMIT 1[0m
  Rendered layouts/_header.html.erb (1.4ms)
  Rendered layouts/_footer.html.erb (0.2ms)
Completed 200 OK in 21ms (Views: 20.0ms | ActiveRecord: 0.2ms)


Started GET "/assets/application.css?body=1" for 127.0.0.1 at 2014-06-07 22:21:19 -0700


Started GET "/assets/custom.css?body=1" for 127.0.0.1 at 2014-06-07 22:21:19 -0700


Started GET "/assets/static_pages.css?body=1" for 127.0.0.1 at 2014-06-07 22:21:19 -0700


Started GET "/assets/sessions.css?body=1" for 127.0.0.1 at 2014-06-07 22:21:19 -0700


Started GET "/assets/users.css?body=1" for 127.0.0.1 at 2014-06-07 22:21:19 -0700


Started GET "/assets/jquery.js?body=1" for 127.0.0.1 at 2014-06-07 22:21:19 -0700


Started GET "/assets/bootstrap-button.js?body=1" for 127.0.0.1 at 2014-06-07 22:21:19 -0700


Started GET "/assets/bootstrap-alert.js?body=1" for 127.0.0.1 at 2014-06-07 22:21:19 -0700


Started GET "/assets/bootstrap-transition.js?body=1" for 127.0.0.1 at 2014-06-07 22:21:19 -0700


Started GET "/assets/bootstrap-affix.js?body=1" for 127.0.0.1 at 2014-06-07 22:21:19 -0700


Started GET "/assets/turbolinks.js?body=1" for 127.0.0.1 at 2014-06-07 22:21:19 -0700


Started GET "/assets/bootstrap-collapse.js?body=1" for 127.0.0.1 at 2014-06-07 22:21:19 -0700


Started GET "/assets/bootstrap-carousel.js?body=1" for 127.0.0.1 at 2014-06-07 22:21:19 -0700


Started GET "/assets/jquery_ujs.js?body=1" for 127.0.0.1 at 2014-06-07 22:21:19 -0700


Started GET "/assets/bootstrap-dropdown.js?body=1" for 127.0.0.1 at 2014-06-07 22:21:19 -0700


Started GET "/assets/bootstrap-modal.js?body=1" for 127.0.0.1 at 2014-06-07 22:21:19 -0700


Started GET "/assets/bootstrap-scrollspy.js?body=1" for 127.0.0.1 at 2014-06-07 22:21:19 -0700


Started GET "/assets/bootstrap-tab.js?body=1" for 127.0.0.1 at 2014-06-07 22:21:19 -0700


Started GET "/assets/bootstrap.js?body=1" for 127.0.0.1 at 2014-06-07 22:21:19 -0700


Started GET "/assets/bootstrap-popover.js?body=1" for 127.0.0.1 at 2014-06-07 22:21:19 -0700


Started GET "/assets/bootstrap-typeahead.js?body=1" for 127.0.0.1 at 2014-06-07 22:21:19 -0700


Started GET "/assets/bootstrap-tooltip.js?body=1" for 127.0.0.1 at 2014-06-07 22:21:19 -0700


Started GET "/assets/sessions.js?body=1" for 127.0.0.1 at 2014-06-07 22:21:19 -0700


Started GET "/assets/users.js?body=1" for 127.0.0.1 at 2014-06-07 22:21:19 -0700


Started GET "/assets/static_pages.js?body=1" for 127.0.0.1 at 2014-06-07 22:21:19 -0700


Started GET "/assets/application.js?body=1" for 127.0.0.1 at 2014-06-07 22:21:19 -0700


Started POST "/sessions" for 127.0.0.1 at 2014-06-07 22:21:33 -0700
Processing by SessionsController#create as HTML
  Parameters: {"utf8"=>"✓", "authenticity_token"=>"OZ4akGr4ZdwYPPb6TYm/4NVtoBoCldxvdhM4Nexy0uI=", "session"=>{"email"=>"newuser@newuser.com", "password"=>"[FILTERED]"}, "commit"=>"Sign in"}
  [1m[35mUser Load (0.3ms)[0m  SELECT "users".* FROM "users" WHERE "users"."email" = 'newuser@newuser.com' LIMIT 1
  [1m[36m (0.1ms)[0m  [1mbegin transaction[0m
  [1m[35mSQL (0.5ms)[0m  UPDATE "users" SET "remember_token" = ?, "updated_at" = ? WHERE "users"."id" = 1  [["remember_token", "23d37c5202ece10e236ff0e527ba965cfc0ab119"], ["updated_at", Sun, 08 Jun 2014 05:21:33 UTC +00:00]]
  [1m[36m (1.6ms)[0m  [1mcommit transaction[0m
Redirected to http://localhost:3000/users
Completed 302 Found in 99ms (ActiveRecord: 2.5ms)


Started GET "/users" for 127.0.0.1 at 2014-06-07 22:21:33 -0700
Processing by UsersController#index as HTML
  [1m[35mUser Load (0.3ms)[0m  SELECT "users".* FROM "users" WHERE "users"."remember_token" = '23d37c5202ece10e236ff0e527ba965cfc0ab119' LIMIT 1
  [1m[36m (0.2ms)[0m  [1mSELECT COUNT(*) FROM "users"[0m
  [1m[35mUser Load (0.2ms)[0m  SELECT "users".* FROM "users" LIMIT 30 OFFSET 0
  Rendered users/_user.html.erb (1.6ms)
  Rendered users/index.html.erb within layouts/application (6.9ms)
  Rendered layouts/_shim.html.erb (0.1ms)
  Rendered layouts/_header.html.erb (0.9ms)
  Rendered layouts/_footer.html.erb (0.2ms)
Completed 200 OK in 26ms (Views: 23.4ms | ActiveRecord: 0.7ms)


Started GET "/assets/custom.css?body=1" for 127.0.0.1 at 2014-06-07 22:21:33 -0700


Started GET "/assets/sessions.css?body=1" for 127.0.0.1 at 2014-06-07 22:21:33 -0700


Started GET "/assets/static_pages.css?body=1" for 127.0.0.1 at 2014-06-07 22:21:33 -0700


Started GET "/assets/users.css?body=1" for 127.0.0.1 at 2014-06-07 22:21:33 -0700


Started GET "/assets/jquery.js?body=1" for 127.0.0.1 at 2014-06-07 22:21:33 -0700


Started GET "/assets/jquery_ujs.js?body=1" for 127.0.0.1 at 2014-06-07 22:21:33 -0700


Started GET "/assets/turbolinks.js?body=1" for 127.0.0.1 at 2014-06-07 22:21:33 -0700


Started GET "/assets/bootstrap-affix.js?body=1" for 127.0.0.1 at 2014-06-07 22:21:33 -0700


Started GET "/assets/bootstrap-button.js?body=1" for 127.0.0.1 at 2014-06-07 22:21:33 -0700


Started GET "/assets/bootstrap-carousel.js?body=1" for 127.0.0.1 at 2014-06-07 22:21:33 -0700


Started GET "/assets/bootstrap-dropdown.js?body=1" for 127.0.0.1 at 2014-06-07 22:21:33 -0700


Started GET "/assets/bootstrap-collapse.js?body=1" for 127.0.0.1 at 2014-06-07 22:21:33 -0700


Started GET "/assets/bootstrap-transition.js?body=1" for 127.0.0.1 at 2014-06-07 22:21:33 -0700


Started GET "/assets/bootstrap-modal.js?body=1" for 127.0.0.1 at 2014-06-07 22:21:33 -0700


Started GET "/assets/application.css?body=1" for 127.0.0.1 at 2014-06-07 22:21:33 -0700


Started GET "/assets/bootstrap-alert.js?body=1" for 127.0.0.1 at 2014-06-07 22:21:33 -0700


Started GET "/assets/bootstrap.js?body=1" for 127.0.0.1 at 2014-06-07 22:21:33 -0700


Started GET "/assets/sessions.js?body=1" for 127.0.0.1 at 2014-06-07 22:21:33 -0700


Started GET "/assets/bootstrap-typeahead.js?body=1" for 127.0.0.1 at 2014-06-07 22:21:33 -0700


Started GET "/assets/users.js?body=1" for 127.0.0.1 at 2014-06-07 22:21:34 -0700


Started GET "/assets/static_pages.js?body=1" for 127.0.0.1 at 2014-06-07 22:21:34 -0700


Started GET "/assets/bootstrap-tab.js?body=1" for 127.0.0.1 at 2014-06-07 22:21:34 -0700


Started GET "/assets/bootstrap-scrollspy.js?body=1" for 127.0.0.1 at 2014-06-07 22:21:34 -0700


Started GET "/assets/bootstrap-popover.js?body=1" for 127.0.0.1 at 2014-06-07 22:21:34 -0700


Started GET "/assets/bootstrap-tooltip.js?body=1" for 127.0.0.1 at 2014-06-07 22:21:34 -0700


Started GET "/assets/application.js?body=1" for 127.0.0.1 at 2014-06-07 22:21:34 -0700
